13493.gz The American Frugal Housewife
49513.gz The Complete Herbal
55084.gz The Homing Pigeon
14681.gz The Art of Travel
20763.gz Carpentry for Boys
22766.gz Electricity for Boys
20772.gz Agriculture for Beginners
68662.gz Elements of arithmetic
survival.gz FM 21-77 SURVIVAL
firstaid.gz FM 21-11 FIRST AID
10000.gz The Magna Carta
1497.gz The Republic
sunzu10.gz The Art of War by Sun Tzu
otoos11.gz On the Origin of Species by Charles Darwin
30155.gz Relativity: The Special and General Theory by Albert Einstein
1drvb10.gz Holy Bible, Old Testament, Part 1
2drvb10.gz Holy Bible, Old Testament, Part 2
3drvb10.gz Holy Bible, New Testament
aesop11.gz Aesop's Fables
2ws1610.gz Romeo and Juliet by Shakespeare
2ws2610.gz Hamlet by Shakespeare
alice30.gz Alice in Wonderland
timem11.gz The Time Machine by H. G. Wells
